# JRE version: Java(TM) SE Runtime Environment (8.0_51-b16) (build 1.8.0_51-b16)
# Java VM: Java HotSpot(TM) Client VM (25.51-b03 mixed mode, sharing windows-x86 )
Heap:
 def new generation   total 4928K, used 1983K [0x03c00000, 0x04150000, 0x09150000)
  eden space 4416K,  44% used [0x03c00000, 0x03def640, 0x04050000)
  from space 512K,   0% used [0x040d0000, 0x040d08c0, 0x04150000)
  to   space 512K,   0% used [0x04050000, 0x04050000, 0x040d0000)
 tenured generation   total 10944K, used 5816K [0x09150000, 0x09c00000, 0x13c00000)
   the space 10944K,  53% used [0x09150000, 0x096fe3a0, 0x096fe400, 0x09c00000)
 Metaspace       used 3326K, capacity 4899K, committed 4992K, reserved 5504K
GC Heap History (10 events):
Event: 1197.749 GC heap before
{Heap before GC invocations=138 (full 0):
 def new generation   total 4928K, used 4418K [0x03c00000, 0x04150000, 0x09150000)
  eden space 4416K, 100% used [0x03c00000, 0x04050000, 0x04050000)
  from space 512K,   0% used [0x04050000, 0x040508e8, 0x040d0000)
  to   space 512K,   0% used [0x040d0000, 0x040d0000, 0x04150000)
 tenured generation   total 10944K, used 5816K [0x09150000, 0x09c00000, 0x13c00000)
   the space 10944K,  53% used [0x09150000, 0x096fe3a0, 0x096fe400, 0x09c00000)
 Metaspace       used 3326K, capacity 4899K, committed 4992K, reserved 5504K
Event: 1197.750 GC heap after
Heap after GC invocations=139 (full 0):
 def new generation   total 4928K, used 2K [0x03c00000, 0x04150000, 0x09150000)
  eden space 4416K,   0% used [0x03c00000, 0x03c00000, 0x04050000)
  from space 512K,   0% used [0x040d0000, 0x040d08d0, 0x04150000)
  to   space 512K,   0% used [0x04050000, 0x04050000, 0x040d0000)
 tenured generation   total 10944K, used 5816K [0x09150000, 0x09c00000, 0x13c00000)
   the space 10944K,  53% used [0x09150000, 0x096fe3a0, 0x096fe400, 0x09c00000)
 Metaspace       used 3326K, capacity 4899K, committed 4992K, reserved 5504K
}
Event: 1207.385 GC heap before
{Heap before GC invocations=139 (full 0):
 def new generation   total 4928K, used 4418K [0x03c00000, 0x04150000, 0x09150000)
  eden space 4416K, 100% used [0x03c00000, 0x04050000, 0x04050000)
  from space 512K,   0% used [0x040d0000, 0x040d08d0, 0x04150000)
  to   space 512K,   0% used [0x04050000, 0x04050000, 0x040d0000)
 tenured generation   total 10944K, used 5816K [0x09150000, 0x09c00000, 0x13c00000)
   the space 10944K,  53% used [0x09150000, 0x096fe3a0, 0x096fe400, 0x09c00000)
 Metaspace       used 3326K, capacity 4899K, committed 4992K, reserved 5504K
Event: 1207.386 GC heap after
Heap after GC invocations=140 (full 0):
 def new generation   total 4928K, used 2K [0x03c00000, 0x04150000, 0x09150000)
  eden space 4416K,   0% used [0x03c00000, 0x03c00000, 0x04050000)
  from space 512K,   0% used [0x04050000, 0x040508c0, 0x040d0000)
  to   space 512K,   0% used [0x040d0000, 0x040d0000, 0x04150000)
 tenured generation   total 10944K, used 5816K [0x09150000, 0x09c00000, 0x13c00000)
   the space 10944K,  53% used [0x09150000, 0x096fe3a0, 0x096fe400, 0x09c00000)
 Metaspace       used 3326K, capacity 4899K, committed 4992K, reserved 5504K
}
Event: 1217.035 GC heap before
{Heap before GC invocations=140 (full 0):
 def new generation   total 4928K, used 4418K [0x03c00000, 0x04150000, 0x09150000)
  eden space 4416K, 100% used [0x03c00000, 0x04050000, 0x04050000)
  from space 512K,   0% used [0x04050000, 0x040508c0, 0x040d0000)
  to   space 512K,   0% used [0x040d0000, 0x040d0000, 0x04150000)
 tenured generation   total 10944K, used 5816K [0x09150000, 0x09c00000, 0x13c00000)
   the space 10944K,  53% used [0x09150000, 0x096fe3a0, 0x096fe400, 0x09c00000)
 Metaspace       used 3326K, capacity 4899K, committed 4992K, reserved 5504K
Event: 1217.036 GC heap after
Heap after GC invocations=141 (full 0):
 def new generation   total 4928K, used 2K [0x03c00000, 0x04150000, 0x09150000)
  eden space 4416K,   0% used [0x03c00000, 0x03c00000, 0x04050000)
  from space 512K,   0% used [0x040d0000, 0x040d0960, 0x04150000)
  to   space 512K,   0% used [0x04050000, 0x04050000, 0x040d0000)
 tenured generation   total 10944K, used 5816K [0x09150000, 0x09c00000, 0x13c00000)
   the space 10944K,  53% used [0x09150000, 0x096fe3a0, 0x096fe400, 0x09c00000)
 Metaspace       used 3326K, capacity 4899K, committed 4992K, reserved 5504K
}
Event: 1226.647 GC heap before
{Heap before GC invocations=141 (full 0):
 def new generation   total 4928K, used 4418K [0x03c00000, 0x04150000, 0x09150000)
  eden space 4416K, 100% used [0x03c00000, 0x04050000, 0x04050000)
  from space 512K,   0% used [0x040d0000, 0x040d0960, 0x04150000)
  to   space 512K,   0% used [0x04050000, 0x04050000, 0x040d0000)
 tenured generation   total 10944K, used 5816K [0x09150000, 0x09c00000, 0x13c00000)
   the space 10944K,  53% used [0x09150000, 0x096fe3a0, 0x096fe400, 0x09c00000)
 Metaspace       used 3326K, capacity 4899K, committed 4992K, reserved 5504K
Event: 1226.650 GC heap after
Heap after GC invocations=142 (full 0):
 def new generation   total 4928K, used 2K [0x03c00000, 0x04150000, 0x09150000)
  eden space 4416K,   0% used [0x03c00000, 0x03c00000, 0x04050000)
  from space 512K,   0% used [0x04050000, 0x040508d0, 0x040d0000)
  to   space 512K,   0% used [0x040d0000, 0x040d0000, 0x04150000)
 tenured generation   total 10944K, used 5816K [0x09150000, 0x09c00000, 0x13c00000)
   the space 10944K,  53% used [0x09150000, 0x096fe3a0, 0x096fe400, 0x09c00000)
 Metaspace       used 3326K, capacity 4899K, committed 4992K, reserved 5504K
}
Event: 1237.033 GC heap before
{Heap before GC invocations=142 (full 0):
 def new generation   total 4928K, used 4418K [0x03c00000, 0x04150000, 0x09150000)
  eden space 4416K, 100% used [0x03c00000, 0x04050000, 0x04050000)
  from space 512K,   0% used [0x04050000, 0x040508d0, 0x040d0000)
  to   space 512K,   0% used [0x040d0000, 0x040d0000, 0x04150000)
 tenured generation   total 10944K, used 5816K [0x09150000, 0x09c00000, 0x13c00000)
   the space 10944K,  53% used [0x09150000, 0x096fe3a0, 0x096fe400, 0x09c00000)
 Metaspace       used 3326K, capacity 4899K, committed 4992K, reserved 5504K
Event: 1237.034 GC heap after
Heap after GC invocations=143 (full 0):
 def new generation   total 4928K, used 2K [0x03c00000, 0x04150000, 0x09150000)
  eden space 4416K,   0% used [0x03c00000, 0x03c00000, 0x04050000)
  from space 512K,   0% used [0x040d0000, 0x040d08c0, 0x04150000)
  to   space 512K,   0% used [0x04050000, 0x04050000, 0x040d0000)
 tenured generation   total 10944K, used 5816K [0x09150000, 0x09c00000, 0x13c00000)
   the space 10944K,  53% used [0x09150000, 0x096fe3a0, 0x096fe400, 0x09c00000)
 Metaspace       used 3326K, capacity 4899K, committed 4992K, reserved 5504K
}

